<?xml version="1.0" encoding="UTF-8"?>
<!-- Generated by org.testng.reporters.JUnitXMLReporter -->
<testsuite ignored="0" hostname="LTIN488041" failures="0" tests="3" name="chromeTest" time="65.889" errors="0" timestamp="2024-04-02T16:34:48 IST">
  <testcase classname="testCases.MainTest" name="beCognizantTest" time="18.401"/>
  <testcase classname="testCases.MainTest" name="oneCognizantTest" time="2.51"/>
  <testcase classname="testCases.MainTest" name="GSDHomePageTest" time="25.855"/>
</testsuite> <!-- chromeTest -->
