<?xml version="1.0" encoding="UTF-8"?>
<!-- Generated by org.testng.reporters.JUnitXMLReporter -->
<testsuite ignored="0" hostname="LTIN488041" failures="0" tests="3" name="EdgeTest" time="126.524" errors="0" timestamp="2024-04-02T16:37:00 IST">
  <testcase classname="testCases.MainTest" name="beCognizantTest" time="17.818"/>
  <testcase classname="testCases.MainTest" name="oneCognizantTest" time="64.211"/>
  <testcase classname="testCases.MainTest" name="GSDHomePageTest" time="30.178"/>
</testsuite> <!-- EdgeTest -->
