<?xml version="1.0" encoding="UTF-8"?>
<!-- Generated by org.testng.reporters.JUnitXMLReporter -->
<testsuite ignored="0" hostname="LTIN488041" failures="0" tests="3" name="Test" time="63.552" errors="0" timestamp="2024-04-02T14:54:08 IST">
  <testcase classname="testCases.MainTest" name="beCognizantTest" time="16.467"/>
  <testcase classname="testCases.MainTest" name="oneCognizantTest" time="1.791"/>
  <testcase classname="testCases.MainTest" name="GSDHomePageTest" time="29.365"/>
</testsuite> <!-- Test -->
