<?xml version="1.0" encoding="UTF-8"?>
<testng-results ignored="0" total="6" passed="6" failed="0" skipped="0">
  <reporter-output>
  </reporter-output>
  <suite started-at="2024-04-02T16:33:42 IST" name="Suite" finished-at="2024-04-02T16:37:00 IST" duration-ms="197215">
    <groups>
    </groups>
    <test started-at="2024-04-02T16:33:42 IST" name="chromeTest" finished-at="2024-04-02T16:34:48 IST" duration-ms="65889">
      <class name="testCases.MainTest">
        <test-method is-config="true" signature="setUp(java.lang.String)[pri:0, instance:testCases.MainTest@117159c0]" started-at="2024-04-02T16:33:43 IST" name="setUp" finished-at="2024-04-02T16:33:49 IST" duration-ms="6383" status="PASS">
          <params>
            <param index="0">
              <value>
                <![CDATA[edge]]>
              </value>
            </param>
          </params>
          <reporter-output>
          </reporter-output>
        </test-method> <!-- setUp -->
        <test-method signature="beCognizantTest()[pri:1, instance:testCases.MainTest@117159c0]" started-at="2024-04-02T16:33:49 IST" name="beCognizantTest" finished-at="2024-04-02T16:34:08 IST" duration-ms="18401" status="PASS">
          <reporter-output>
          </reporter-output>
        </test-method> <!-- beCognizantTest -->
        <test-method signature="oneCognizantTest()[pri:2, instance:testCases.MainTest@117159c0]" started-at="2024-04-02T16:34:08 IST" name="oneCognizantTest" finished-at="2024-04-02T16:34:11 IST" duration-ms="2510" status="PASS">
          <reporter-output>
          </reporter-output>
        </test-method> <!-- oneCognizantTest -->
        <test-method signature="GSDHomePageTest()[pri:3, instance:testCases.MainTest@117159c0]" started-at="2024-04-02T16:34:11 IST" name="GSDHomePageTest" finished-at="2024-04-02T16:34:37 IST" duration-ms="25855" status="PASS">
          <reporter-output>
          </reporter-output>
        </test-method> <!-- GSDHomePageTest -->
        <test-method is-config="true" signature="quit()[pri:0, instance:testCases.MainTest@117159c0]" started-at="2024-04-02T16:34:37 IST" name="quit" finished-at="2024-04-02T16:34:48 IST" duration-ms="11288" status="PASS">
          <reporter-output>
          </reporter-output>
        </test-method> <!-- quit -->
      </class> <!-- testCases.MainTest -->
    </test> <!-- chromeTest -->
    <test started-at="2024-04-02T16:34:53 IST" name="EdgeTest" finished-at="2024-04-02T16:37:00 IST" duration-ms="126524">
      <class name="testCases.MainTest">
        <test-method is-config="true" signature="setUp(java.lang.String)[pri:0, instance:testCases.MainTest@7e057f43]" started-at="2024-04-02T16:34:53 IST" name="setUp" finished-at="2024-04-02T16:34:55 IST" duration-ms="2460" status="PASS">
          <params>
            <param index="0">
              <value>
                <![CDATA[chrome]]>
              </value>
            </param>
          </params>
          <reporter-output>
          </reporter-output>
        </test-method> <!-- setUp -->
        <test-method signature="beCognizantTest()[pri:1, instance:testCases.MainTest@7e057f43]" started-at="2024-04-02T16:34:55 IST" name="beCognizantTest" finished-at="2024-04-02T16:35:13 IST" duration-ms="17818" status="PASS">
          <reporter-output>
          </reporter-output>
        </test-method> <!-- beCognizantTest -->
        <test-method signature="oneCognizantTest()[pri:2, instance:testCases.MainTest@7e057f43]" started-at="2024-04-02T16:35:14 IST" name="oneCognizantTest" finished-at="2024-04-02T16:36:18 IST" duration-ms="64211" status="PASS">
          <reporter-output>
          </reporter-output>
        </test-method> <!-- oneCognizantTest -->
        <test-method signature="GSDHomePageTest()[pri:3, instance:testCases.MainTest@7e057f43]" started-at="2024-04-02T16:36:18 IST" name="GSDHomePageTest" finished-at="2024-04-02T16:36:48 IST" duration-ms="30178" status="PASS">
          <reporter-output>
          </reporter-output>
        </test-method> <!-- GSDHomePageTest -->
        <test-method is-config="true" signature="quit()[pri:0, instance:testCases.MainTest@7e057f43]" started-at="2024-04-02T16:36:48 IST" name="quit" finished-at="2024-04-02T16:37:00 IST" duration-ms="11127" status="PASS">
          <reporter-output>
          </reporter-output>
        </test-method> <!-- quit -->
      </class> <!-- testCases.MainTest -->
    </test> <!-- EdgeTest -->
  </suite> <!-- Suite -->
</testng-results>
